========================================
Directory '/home/rtos/workspace/ghpark/export/phi-3.5-mini-it-q8' already exists. Skipping creation.
2025-02-06 03:08:05.156967: E external/local_xla/xla/stream_executor/cuda/cuda_fft.cc:467] Unable to register cuFFT factory: Attempting to register factory for plugin cuFFT when one has already been registered
WARNING: All log messages before absl::InitializeLog() is called are written to STDERR
E0000 00:00:1738778885.172286 4161200 cuda_dnn.cc:8593] Unable to register cuDNN factory: Attempting to register factory for plugin cuDNN when one has already been registered
E0000 00:00:1738778885.177038 4161200 cuda_blas.cc:1407] Unable to register cuBLAS factory: Attempting to register factory for plugin cuBLAS when one has already been registered
2025-02-06 03:08:05.192862: I tensorflow/core/platform/cpu_feature_guard.cc:210] This TensorFlow binary is optimized to use available CPU instructions in performance-critical operations.
To enable the following instructions: AVX2 FMA, in other operations, rebuild TensorFlow with the appropriate compiler flags.
/home/rtos/workspace/ghpark/pip-packages/lib/python3.10/site-packages/torch/distributed/distributed_c10d.py:354: UserWarning: Device capability of jax unspecified, assuming `cpu` and `cuda`. Please specify it via the `devices` argument of `register_backend`.
  warnings.warn(
WARNING:2025-02-06 03:08:09,403:jax._src.xla_bridge:987: An NVIDIA GPU may be present on this machine, but a CUDA-enabled jaxlib is not installed. Falling back to cpu.
2025-02-06 03:08:10.575246: E external/local_xla/xla/stream_executor/cuda/cuda_platform.cc:51] failed call to cuInit: INTERNAL: CUDA error: Failed call to cuInit: CUDA_ERROR_NO_DEVICE: no CUDA-capable device is detected
2025-02-06 03:08:10.575265: I external/local_xla/xla/stream_executor/cuda/cuda_diagnostics.cc:167] env: CUDA_VISIBLE_DEVICES="-1"
2025-02-06 03:08:10.575270: I external/local_xla/xla/stream_executor/cuda/cuda_diagnostics.cc:170] CUDA_VISIBLE_DEVICES is set to -1 - this hides all GPUs from CUDA
2025-02-06 03:08:10.575273: I external/local_xla/xla/stream_executor/cuda/cuda_diagnostics.cc:178] verbose logging is disabled. Rerun with verbose logging (usually --v=1 or --vmodule=cuda_diagnostics=1) to get more diagnostic output from this module
2025-02-06 03:08:10.575277: I external/local_xla/xla/stream_executor/cuda/cuda_diagnostics.cc:183] retrieving CUDA diagnostic information for host: rtos-lab
2025-02-06 03:08:10.575280: I external/local_xla/xla/stream_executor/cuda/cuda_diagnostics.cc:190] hostname: rtos-lab
2025-02-06 03:08:10.575380: I external/local_xla/xla/stream_executor/cuda/cuda_diagnostics.cc:197] libcuda reported version is: 550.120.0
2025-02-06 03:08:10.575413: I external/local_xla/xla/stream_executor/cuda/cuda_diagnostics.cc:201] kernel reported version is: 550.120.0
2025-02-06 03:08:10.575428: I external/local_xla/xla/stream_executor/cuda/cuda_diagnostics.cc:291] kernel version seems to match DSO: 550.120.0
W0206 03:08:50.508346 128851773135744 conversion.py:77] Your model "prefill_8" is converted in training mode. Please set the module in evaluation mode with `module.eval()` for better on-device performance and compatibility.
W0206 03:08:50.508571 128851773135744 conversion.py:77] Your model "prefill_64" is converted in training mode. Please set the module in evaluation mode with `module.eval()` for better on-device performance and compatibility.
W0206 03:08:50.508667 128851773135744 conversion.py:77] Your model "prefill_128" is converted in training mode. Please set the module in evaluation mode with `module.eval()` for better on-device performance and compatibility.
W0206 03:08:50.508735 128851773135744 conversion.py:77] Your model "prefill_256" is converted in training mode. Please set the module in evaluation mode with `module.eval()` for better on-device performance and compatibility.
W0206 03:08:50.508801 128851773135744 conversion.py:77] Your model "prefill_512" is converted in training mode. Please set the module in evaluation mode with `module.eval()` for better on-device performance and compatibility.
W0206 03:08:50.508864 128851773135744 conversion.py:77] Your model "decode" is converted in training mode. Please set the module in evaluation mode with `module.eval()` for better on-device performance and compatibility.
/home/rtos/workspace/ghpark/pip-packages/lib/python3.10/site-packages/torch/export/_unlift.py:75: UserWarning: Attempted to insert a get_attr Node with no underlying reference in the owning GraphModule! Call GraphModule.add_submodule to add the necessary submodule, GraphModule.add_parameter to add the necessary Parameter, or nn.Module.register_buffer to add the necessary buffer
  getattr_node = gm.graph.get_attr(lifted_node)
/home/rtos/workspace/ghpark/pip-packages/lib/python3.10/site-packages/torch/fx/graph.py:1801: UserWarning: Node self___module_config_build_rope_keywords__theta_factors target self___module_config_build_rope_keywords__theta_factors self___module_config_build_rope_keywords__theta_factors of  does not reference an nn.Module, nn.Parameter, or buffer, which is what 'get_attr' Nodes typically target
  warnings.warn(
/home/rtos/workspace/ghpark/pip-packages/lib/python3.10/site-packages/torch/fx/graph.py:1801: UserWarning: Node module_mask_cache target module.mask_cache mask_cache of module does not reference an nn.Module, nn.Parameter, or buffer, which is what 'get_attr' Nodes typically target
  warnings.warn(
/home/rtos/workspace/ghpark/pip-packages/lib/python3.10/site-packages/torch/export/_unlift.py:75: UserWarning: Attempted to insert a get_attr Node with no underlying reference in the owning GraphModule! Call GraphModule.add_submodule to add the necessary submodule, GraphModule.add_parameter to add the necessary Parameter, or nn.Module.register_buffer to add the necessary buffer
  getattr_node = gm.graph.get_attr(lifted_node)
/home/rtos/workspace/ghpark/pip-packages/lib/python3.10/site-packages/torch/fx/graph.py:1801: UserWarning: Node self___module_config_build_rope_keywords__theta_factors target self___module_config_build_rope_keywords__theta_factors self___module_config_build_rope_keywords__theta_factors of  does not reference an nn.Module, nn.Parameter, or buffer, which is what 'get_attr' Nodes typically target
  warnings.warn(
/home/rtos/workspace/ghpark/pip-packages/lib/python3.10/site-packages/torch/fx/graph.py:1801: UserWarning: Node module_mask_cache target module.mask_cache mask_cache of module does not reference an nn.Module, nn.Parameter, or buffer, which is what 'get_attr' Nodes typically target
  warnings.warn(
/home/rtos/workspace/ghpark/pip-packages/lib/python3.10/site-packages/torch/export/_unlift.py:75: UserWarning: Attempted to insert a get_attr Node with no underlying reference in the owning GraphModule! Call GraphModule.add_submodule to add the necessary submodule, GraphModule.add_parameter to add the necessary Parameter, or nn.Module.register_buffer to add the necessary buffer
  getattr_node = gm.graph.get_attr(lifted_node)
/home/rtos/workspace/ghpark/pip-packages/lib/python3.10/site-packages/torch/fx/graph.py:1801: UserWarning: Node self___module_config_build_rope_keywords__theta_factors target self___module_config_build_rope_keywords__theta_factors self___module_config_build_rope_keywords__theta_factors of  does not reference an nn.Module, nn.Parameter, or buffer, which is what 'get_attr' Nodes typically target
  warnings.warn(
/home/rtos/workspace/ghpark/pip-packages/lib/python3.10/site-packages/torch/fx/graph.py:1801: UserWarning: Node module_mask_cache target module.mask_cache mask_cache of module does not reference an nn.Module, nn.Parameter, or buffer, which is what 'get_attr' Nodes typically target
  warnings.warn(
/home/rtos/workspace/ghpark/pip-packages/lib/python3.10/site-packages/torch/export/_unlift.py:75: UserWarning: Attempted to insert a get_attr Node with no underlying reference in the owning GraphModule! Call GraphModule.add_submodule to add the necessary submodule, GraphModule.add_parameter to add the necessary Parameter, or nn.Module.register_buffer to add the necessary buffer
  getattr_node = gm.graph.get_attr(lifted_node)
/home/rtos/workspace/ghpark/pip-packages/lib/python3.10/site-packages/torch/fx/graph.py:1801: UserWarning: Node self___module_config_build_rope_keywords__theta_factors target self___module_config_build_rope_keywords__theta_factors self___module_config_build_rope_keywords__theta_factors of  does not reference an nn.Module, nn.Parameter, or buffer, which is what 'get_attr' Nodes typically target
  warnings.warn(
/home/rtos/workspace/ghpark/pip-packages/lib/python3.10/site-packages/torch/fx/graph.py:1801: UserWarning: Node module_mask_cache target module.mask_cache mask_cache of module does not reference an nn.Module, nn.Parameter, or buffer, which is what 'get_attr' Nodes typically target
  warnings.warn(
/home/rtos/workspace/ghpark/pip-packages/lib/python3.10/site-packages/torch/export/_unlift.py:75: UserWarning: Attempted to insert a get_attr Node with no underlying reference in the owning GraphModule! Call GraphModule.add_submodule to add the necessary submodule, GraphModule.add_parameter to add the necessary Parameter, or nn.Module.register_buffer to add the necessary buffer
  getattr_node = gm.graph.get_attr(lifted_node)
/home/rtos/workspace/ghpark/pip-packages/lib/python3.10/site-packages/torch/fx/graph.py:1801: UserWarning: Node self___module_config_build_rope_keywords__theta_factors target self___module_config_build_rope_keywords__theta_factors self___module_config_build_rope_keywords__theta_factors of  does not reference an nn.Module, nn.Parameter, or buffer, which is what 'get_attr' Nodes typically target
  warnings.warn(
/home/rtos/workspace/ghpark/pip-packages/lib/python3.10/site-packages/torch/fx/graph.py:1801: UserWarning: Node module_mask_cache target module.mask_cache mask_cache of module does not reference an nn.Module, nn.Parameter, or buffer, which is what 'get_attr' Nodes typically target
  warnings.warn(
/home/rtos/workspace/ghpark/pip-packages/lib/python3.10/site-packages/torch/export/_unlift.py:75: UserWarning: Attempted to insert a get_attr Node with no underlying reference in the owning GraphModule! Call GraphModule.add_submodule to add the necessary submodule, GraphModule.add_parameter to add the necessary Parameter, or nn.Module.register_buffer to add the necessary buffer
  getattr_node = gm.graph.get_attr(lifted_node)
/home/rtos/workspace/ghpark/pip-packages/lib/python3.10/site-packages/torch/fx/graph.py:1801: UserWarning: Node self___module_config_build_rope_keywords__theta_factors target self___module_config_build_rope_keywords__theta_factors self___module_config_build_rope_keywords__theta_factors of  does not reference an nn.Module, nn.Parameter, or buffer, which is what 'get_attr' Nodes typically target
  warnings.warn(
/home/rtos/workspace/ghpark/pip-packages/lib/python3.10/site-packages/torch/fx/graph.py:1801: UserWarning: Node module_mask_cache target module.mask_cache mask_cache of module does not reference an nn.Module, nn.Parameter, or buffer, which is what 'get_attr' Nodes typically target
  warnings.warn(
/home/rtos/workspace/ghpark/pip-packages/lib/python3.10/site-packages/torch/export/_unlift.py:75: UserWarning: Attempted to insert a get_attr Node with no underlying reference in the owning GraphModule! Call GraphModule.add_submodule to add the necessary submodule, GraphModule.add_parameter to add the necessary Parameter, or nn.Module.register_buffer to add the necessary buffer
  getattr_node = gm.graph.get_attr(lifted_node)
/home/rtos/workspace/ghpark/pip-packages/lib/python3.10/site-packages/torch/fx/graph.py:1801: UserWarning: Node self___module_config_build_rope_keywords__theta_factors target self___module_config_build_rope_keywords__theta_factors self___module_config_build_rope_keywords__theta_factors of  does not reference an nn.Module, nn.Parameter, or buffer, which is what 'get_attr' Nodes typically target
  warnings.warn(
/home/rtos/workspace/ghpark/pip-packages/lib/python3.10/site-packages/torch/fx/graph.py:1801: UserWarning: Node module_mask_cache target module.mask_cache mask_cache of module does not reference an nn.Module, nn.Parameter, or buffer, which is what 'get_attr' Nodes typically target
  warnings.warn(
/home/rtos/workspace/ghpark/pip-packages/lib/python3.10/site-packages/torch/export/_unlift.py:75: UserWarning: Attempted to insert a get_attr Node with no underlying reference in the owning GraphModule! Call GraphModule.add_submodule to add the necessary submodule, GraphModule.add_parameter to add the necessary Parameter, or nn.Module.register_buffer to add the necessary buffer
  getattr_node = gm.graph.get_attr(lifted_node)
/home/rtos/workspace/ghpark/pip-packages/lib/python3.10/site-packages/torch/fx/graph.py:1801: UserWarning: Node self___module_config_build_rope_keywords__theta_factors target self___module_config_build_rope_keywords__theta_factors self___module_config_build_rope_keywords__theta_factors of  does not reference an nn.Module, nn.Parameter, or buffer, which is what 'get_attr' Nodes typically target
  warnings.warn(
/home/rtos/workspace/ghpark/pip-packages/lib/python3.10/site-packages/torch/fx/graph.py:1801: UserWarning: Node module_mask_cache target module.mask_cache mask_cache of module does not reference an nn.Module, nn.Parameter, or buffer, which is what 'get_attr' Nodes typically target
  warnings.warn(
/home/rtos/workspace/ghpark/pip-packages/lib/python3.10/site-packages/torch/export/_unlift.py:75: UserWarning: Attempted to insert a get_attr Node with no underlying reference in the owning GraphModule! Call GraphModule.add_submodule to add the necessary submodule, GraphModule.add_parameter to add the necessary Parameter, or nn.Module.register_buffer to add the necessary buffer
  getattr_node = gm.graph.get_attr(lifted_node)
/home/rtos/workspace/ghpark/pip-packages/lib/python3.10/site-packages/torch/fx/graph.py:1801: UserWarning: Node self___module_config_build_rope_keywords__theta_factors target self___module_config_build_rope_keywords__theta_factors self___module_config_build_rope_keywords__theta_factors of  does not reference an nn.Module, nn.Parameter, or buffer, which is what 'get_attr' Nodes typically target
  warnings.warn(
/home/rtos/workspace/ghpark/pip-packages/lib/python3.10/site-packages/torch/fx/graph.py:1801: UserWarning: Node module_mask_cache target module.mask_cache mask_cache of module does not reference an nn.Module, nn.Parameter, or buffer, which is what 'get_attr' Nodes typically target
  warnings.warn(
/home/rtos/workspace/ghpark/pip-packages/lib/python3.10/site-packages/torch/export/_unlift.py:75: UserWarning: Attempted to insert a get_attr Node with no underlying reference in the owning GraphModule! Call GraphModule.add_submodule to add the necessary submodule, GraphModule.add_parameter to add the necessary Parameter, or nn.Module.register_buffer to add the necessary buffer
  getattr_node = gm.graph.get_attr(lifted_node)
/home/rtos/workspace/ghpark/pip-packages/lib/python3.10/site-packages/torch/fx/graph.py:1801: UserWarning: Node self___module_config_build_rope_keywords__theta_factors target self___module_config_build_rope_keywords__theta_factors self___module_config_build_rope_keywords__theta_factors of  does not reference an nn.Module, nn.Parameter, or buffer, which is what 'get_attr' Nodes typically target
  warnings.warn(
/home/rtos/workspace/ghpark/pip-packages/lib/python3.10/site-packages/torch/fx/graph.py:1801: UserWarning: Node module_mask_cache target module.mask_cache mask_cache of module does not reference an nn.Module, nn.Parameter, or buffer, which is what 'get_attr' Nodes typically target
  warnings.warn(
/home/rtos/workspace/ghpark/pip-packages/lib/python3.10/site-packages/torch/export/_unlift.py:75: UserWarning: Attempted to insert a get_attr Node with no underlying reference in the owning GraphModule! Call GraphModule.add_submodule to add the necessary submodule, GraphModule.add_parameter to add the necessary Parameter, or nn.Module.register_buffer to add the necessary buffer
  getattr_node = gm.graph.get_attr(lifted_node)
/home/rtos/workspace/ghpark/pip-packages/lib/python3.10/site-packages/torch/fx/graph.py:1801: UserWarning: Node self___module_config_build_rope_keywords__theta_factors target self___module_config_build_rope_keywords__theta_factors self___module_config_build_rope_keywords__theta_factors of  does not reference an nn.Module, nn.Parameter, or buffer, which is what 'get_attr' Nodes typically target
  warnings.warn(
/home/rtos/workspace/ghpark/pip-packages/lib/python3.10/site-packages/torch/fx/graph.py:1801: UserWarning: Node module_mask_cache target module.mask_cache mask_cache of module does not reference an nn.Module, nn.Parameter, or buffer, which is what 'get_attr' Nodes typically target
  warnings.warn(
/home/rtos/workspace/ghpark/pip-packages/lib/python3.10/site-packages/torch/export/_unlift.py:75: UserWarning: Attempted to insert a get_attr Node with no underlying reference in the owning GraphModule! Call GraphModule.add_submodule to add the necessary submodule, GraphModule.add_parameter to add the necessary Parameter, or nn.Module.register_buffer to add the necessary buffer
  getattr_node = gm.graph.get_attr(lifted_node)
/home/rtos/workspace/ghpark/pip-packages/lib/python3.10/site-packages/torch/fx/graph.py:1801: UserWarning: Node self___module_config_build_rope_keywords__theta_factors target self___module_config_build_rope_keywords__theta_factors self___module_config_build_rope_keywords__theta_factors of  does not reference an nn.Module, nn.Parameter, or buffer, which is what 'get_attr' Nodes typically target
  warnings.warn(
/home/rtos/workspace/ghpark/pip-packages/lib/python3.10/site-packages/torch/fx/graph.py:1801: UserWarning: Node module_mask_cache target module.mask_cache mask_cache of module does not reference an nn.Module, nn.Parameter, or buffer, which is what 'get_attr' Nodes typically target
  warnings.warn(
/home/rtos/workspace/ghpark/pip-packages/lib/python3.10/site-packages/torch/export/_unlift.py:75: UserWarning: Attempted to insert a get_attr Node with no underlying reference in the owning GraphModule! Call GraphModule.add_submodule to add the necessary submodule, GraphModule.add_parameter to add the necessary Parameter, or nn.Module.register_buffer to add the necessary buffer
  getattr_node = gm.graph.get_attr(lifted_node)
/home/rtos/workspace/ghpark/pip-packages/lib/python3.10/site-packages/torch/fx/graph.py:1801: UserWarning: Node self___module_config_build_rope_keywords__theta_factors target self___module_config_build_rope_keywords__theta_factors self___module_config_build_rope_keywords__theta_factors of  does not reference an nn.Module, nn.Parameter, or buffer, which is what 'get_attr' Nodes typically target
  warnings.warn(
/home/rtos/workspace/ghpark/pip-packages/lib/python3.10/site-packages/torch/fx/graph.py:1801: UserWarning: Node module_mask_cache target module.mask_cache mask_cache of module does not reference an nn.Module, nn.Parameter, or buffer, which is what 'get_attr' Nodes typically target
  warnings.warn(
/home/rtos/workspace/ghpark/pip-packages/lib/python3.10/site-packages/torch/export/_unlift.py:75: UserWarning: Attempted to insert a get_attr Node with no underlying reference in the owning GraphModule! Call GraphModule.add_submodule to add the necessary submodule, GraphModule.add_parameter to add the necessary Parameter, or nn.Module.register_buffer to add the necessary buffer
  getattr_node = gm.graph.get_attr(lifted_node)
/home/rtos/workspace/ghpark/pip-packages/lib/python3.10/site-packages/torch/fx/graph.py:1801: UserWarning: Node self___module_config_build_rope_keywords__theta_factors target self___module_config_build_rope_keywords__theta_factors self___module_config_build_rope_keywords__theta_factors of  does not reference an nn.Module, nn.Parameter, or buffer, which is what 'get_attr' Nodes typically target
  warnings.warn(
/home/rtos/workspace/ghpark/pip-packages/lib/python3.10/site-packages/torch/fx/graph.py:1801: UserWarning: Node module_mask_cache target module.mask_cache mask_cache of module does not reference an nn.Module, nn.Parameter, or buffer, which is what 'get_attr' Nodes typically target
  warnings.warn(
/home/rtos/workspace/ghpark/pip-packages/lib/python3.10/site-packages/torch/export/_unlift.py:75: UserWarning: Attempted to insert a get_attr Node with no underlying reference in the owning GraphModule! Call GraphModule.add_submodule to add the necessary submodule, GraphModule.add_parameter to add the necessary Parameter, or nn.Module.register_buffer to add the necessary buffer
  getattr_node = gm.graph.get_attr(lifted_node)
/home/rtos/workspace/ghpark/pip-packages/lib/python3.10/site-packages/torch/fx/graph.py:1801: UserWarning: Node self___module_config_build_rope_keywords__theta_factors target self___module_config_build_rope_keywords__theta_factors self___module_config_build_rope_keywords__theta_factors of  does not reference an nn.Module, nn.Parameter, or buffer, which is what 'get_attr' Nodes typically target
  warnings.warn(
/home/rtos/workspace/ghpark/pip-packages/lib/python3.10/site-packages/torch/fx/graph.py:1801: UserWarning: Node module_mask_cache target module.mask_cache mask_cache of module does not reference an nn.Module, nn.Parameter, or buffer, which is what 'get_attr' Nodes typically target
  warnings.warn(
/home/rtos/workspace/ghpark/pip-packages/lib/python3.10/site-packages/torch/export/_unlift.py:75: UserWarning: Attempted to insert a get_attr Node with no underlying reference in the owning GraphModule! Call GraphModule.add_submodule to add the necessary submodule, GraphModule.add_parameter to add the necessary Parameter, or nn.Module.register_buffer to add the necessary buffer
  getattr_node = gm.graph.get_attr(lifted_node)
/home/rtos/workspace/ghpark/pip-packages/lib/python3.10/site-packages/torch/fx/graph.py:1801: UserWarning: Node self___module_config_build_rope_keywords__theta_factors target self___module_config_build_rope_keywords__theta_factors self___module_config_build_rope_keywords__theta_factors of  does not reference an nn.Module, nn.Parameter, or buffer, which is what 'get_attr' Nodes typically target
  warnings.warn(
/home/rtos/workspace/ghpark/pip-packages/lib/python3.10/site-packages/torch/fx/graph.py:1801: UserWarning: Node module_mask_cache target module.mask_cache mask_cache of module does not reference an nn.Module, nn.Parameter, or buffer, which is what 'get_attr' Nodes typically target
  warnings.warn(
/home/rtos/workspace/ghpark/pip-packages/lib/python3.10/site-packages/torch/export/_unlift.py:75: UserWarning: Attempted to insert a get_attr Node with no underlying reference in the owning GraphModule! Call GraphModule.add_submodule to add the necessary submodule, GraphModule.add_parameter to add the necessary Parameter, or nn.Module.register_buffer to add the necessary buffer
  getattr_node = gm.graph.get_attr(lifted_node)
/home/rtos/workspace/ghpark/pip-packages/lib/python3.10/site-packages/torch/fx/graph.py:1801: UserWarning: Node self___module_config_build_rope_keywords__theta_factors target self___module_config_build_rope_keywords__theta_factors self___module_config_build_rope_keywords__theta_factors of  does not reference an nn.Module, nn.Parameter, or buffer, which is what 'get_attr' Nodes typically target
  warnings.warn(
/home/rtos/workspace/ghpark/pip-packages/lib/python3.10/site-packages/torch/fx/graph.py:1801: UserWarning: Node module_mask_cache target module.mask_cache mask_cache of module does not reference an nn.Module, nn.Parameter, or buffer, which is what 'get_attr' Nodes typically target
  warnings.warn(
/home/rtos/workspace/ghpark/pip-packages/lib/python3.10/site-packages/torch/export/_unlift.py:75: UserWarning: Attempted to insert a get_attr Node with no underlying reference in the owning GraphModule! Call GraphModule.add_submodule to add the necessary submodule, GraphModule.add_parameter to add the necessary Parameter, or nn.Module.register_buffer to add the necessary buffer
  getattr_node = gm.graph.get_attr(lifted_node)
/home/rtos/workspace/ghpark/pip-packages/lib/python3.10/site-packages/torch/fx/graph.py:1801: UserWarning: Node self___module_config_build_rope_keywords__theta_factors target self___module_config_build_rope_keywords__theta_factors self___module_config_build_rope_keywords__theta_factors of  does not reference an nn.Module, nn.Parameter, or buffer, which is what 'get_attr' Nodes typically target
  warnings.warn(
/home/rtos/workspace/ghpark/pip-packages/lib/python3.10/site-packages/torch/fx/graph.py:1801: UserWarning: Node module_mask_cache target module.mask_cache mask_cache of module does not reference an nn.Module, nn.Parameter, or buffer, which is what 'get_attr' Nodes typically target
  warnings.warn(
/home/rtos/workspace/ghpark/pip-packages/lib/python3.10/site-packages/torch/export/_unlift.py:75: UserWarning: Attempted to insert a get_attr Node with no underlying reference in the owning GraphModule! Call GraphModule.add_submodule to add the necessary submodule, GraphModule.add_parameter to add the necessary Parameter, or nn.Module.register_buffer to add the necessary buffer
  getattr_node = gm.graph.get_attr(lifted_node)
/home/rtos/workspace/ghpark/pip-packages/lib/python3.10/site-packages/torch/fx/graph.py:1801: UserWarning: Node self___module_config_build_rope_keywords__theta_factors target self___module_config_build_rope_keywords__theta_factors self___module_config_build_rope_keywords__theta_factors of  does not reference an nn.Module, nn.Parameter, or buffer, which is what 'get_attr' Nodes typically target
  warnings.warn(
/home/rtos/workspace/ghpark/pip-packages/lib/python3.10/site-packages/torch/fx/graph.py:1801: UserWarning: Node module_mask_cache target module.mask_cache mask_cache of module does not reference an nn.Module, nn.Parameter, or buffer, which is what 'get_attr' Nodes typically target
  warnings.warn(
/home/rtos/workspace/ghpark/pip-packages/lib/python3.10/site-packages/torch/export/_unlift.py:75: UserWarning: Attempted to insert a get_attr Node with no underlying reference in the owning GraphModule! Call GraphModule.add_submodule to add the necessary submodule, GraphModule.add_parameter to add the necessary Parameter, or nn.Module.register_buffer to add the necessary buffer
  getattr_node = gm.graph.get_attr(lifted_node)
/home/rtos/workspace/ghpark/pip-packages/lib/python3.10/site-packages/torch/fx/graph.py:1801: UserWarning: Node self___module_config_build_rope_keywords__theta_factors target self___module_config_build_rope_keywords__theta_factors self___module_config_build_rope_keywords__theta_factors of  does not reference an nn.Module, nn.Parameter, or buffer, which is what 'get_attr' Nodes typically target
  warnings.warn(
/home/rtos/workspace/ghpark/pip-packages/lib/python3.10/site-packages/torch/fx/graph.py:1801: UserWarning: Node module_mask_cache target module.mask_cache mask_cache of module does not reference an nn.Module, nn.Parameter, or buffer, which is what 'get_attr' Nodes typically target
  warnings.warn(
/home/rtos/workspace/ghpark/pip-packages/lib/python3.10/site-packages/torch/export/_unlift.py:75: UserWarning: Attempted to insert a get_attr Node with no underlying reference in the owning GraphModule! Call GraphModule.add_submodule to add the necessary submodule, GraphModule.add_parameter to add the necessary Parameter, or nn.Module.register_buffer to add the necessary buffer
  getattr_node = gm.graph.get_attr(lifted_node)
/home/rtos/workspace/ghpark/pip-packages/lib/python3.10/site-packages/torch/fx/graph.py:1801: UserWarning: Node self___module_config_build_rope_keywords__theta_factors target self___module_config_build_rope_keywords__theta_factors self___module_config_build_rope_keywords__theta_factors of  does not reference an nn.Module, nn.Parameter, or buffer, which is what 'get_attr' Nodes typically target
  warnings.warn(
/home/rtos/workspace/ghpark/pip-packages/lib/python3.10/site-packages/torch/fx/graph.py:1801: UserWarning: Node module_mask_cache target module.mask_cache mask_cache of module does not reference an nn.Module, nn.Parameter, or buffer, which is what 'get_attr' Nodes typically target
  warnings.warn(
/home/rtos/workspace/ghpark/pip-packages/lib/python3.10/site-packages/torch/export/_unlift.py:75: UserWarning: Attempted to insert a get_attr Node with no underlying reference in the owning GraphModule! Call GraphModule.add_submodule to add the necessary submodule, GraphModule.add_parameter to add the necessary Parameter, or nn.Module.register_buffer to add the necessary buffer
  getattr_node = gm.graph.get_attr(lifted_node)
/home/rtos/workspace/ghpark/pip-packages/lib/python3.10/site-packages/torch/fx/graph.py:1801: UserWarning: Node self___module_config_build_rope_keywords__theta_factors target self___module_config_build_rope_keywords__theta_factors self___module_config_build_rope_keywords__theta_factors of  does not reference an nn.Module, nn.Parameter, or buffer, which is what 'get_attr' Nodes typically target
  warnings.warn(
/home/rtos/workspace/ghpark/pip-packages/lib/python3.10/site-packages/torch/fx/graph.py:1801: UserWarning: Node module_mask_cache target module.mask_cache mask_cache of module does not reference an nn.Module, nn.Parameter, or buffer, which is what 'get_attr' Nodes typically target
  warnings.warn(
/home/rtos/workspace/ghpark/pip-packages/lib/python3.10/site-packages/torch/export/_unlift.py:75: UserWarning: Attempted to insert a get_attr Node with no underlying reference in the owning GraphModule! Call GraphModule.add_submodule to add the necessary submodule, GraphModule.add_parameter to add the necessary Parameter, or nn.Module.register_buffer to add the necessary buffer
  getattr_node = gm.graph.get_attr(lifted_node)
/home/rtos/workspace/ghpark/pip-packages/lib/python3.10/site-packages/torch/fx/graph.py:1801: UserWarning: Node self___module_config_build_rope_keywords__theta_factors target self___module_config_build_rope_keywords__theta_factors self___module_config_build_rope_keywords__theta_factors of  does not reference an nn.Module, nn.Parameter, or buffer, which is what 'get_attr' Nodes typically target
  warnings.warn(
/home/rtos/workspace/ghpark/pip-packages/lib/python3.10/site-packages/torch/fx/graph.py:1801: UserWarning: Node module_mask_cache target module.mask_cache mask_cache of module does not reference an nn.Module, nn.Parameter, or buffer, which is what 'get_attr' Nodes typically target
  warnings.warn(
/home/rtos/workspace/ghpark/pip-packages/lib/python3.10/site-packages/torch/export/_unlift.py:75: UserWarning: Attempted to insert a get_attr Node with no underlying reference in the owning GraphModule! Call GraphModule.add_submodule to add the necessary submodule, GraphModule.add_parameter to add the necessary Parameter, or nn.Module.register_buffer to add the necessary buffer
  getattr_node = gm.graph.get_attr(lifted_node)
/home/rtos/workspace/ghpark/pip-packages/lib/python3.10/site-packages/torch/fx/graph.py:1801: UserWarning: Node self___module_config_build_rope_keywords__theta_factors target self___module_config_build_rope_keywords__theta_factors self___module_config_build_rope_keywords__theta_factors of  does not reference an nn.Module, nn.Parameter, or buffer, which is what 'get_attr' Nodes typically target
  warnings.warn(
/home/rtos/workspace/ghpark/pip-packages/lib/python3.10/site-packages/torch/fx/graph.py:1801: UserWarning: Node module_mask_cache target module.mask_cache mask_cache of module does not reference an nn.Module, nn.Parameter, or buffer, which is what 'get_attr' Nodes typically target
  warnings.warn(
/home/rtos/workspace/ghpark/pip-packages/lib/python3.10/site-packages/torch/export/_unlift.py:75: UserWarning: Attempted to insert a get_attr Node with no underlying reference in the owning GraphModule! Call GraphModule.add_submodule to add the necessary submodule, GraphModule.add_parameter to add the necessary Parameter, or nn.Module.register_buffer to add the necessary buffer
  getattr_node = gm.graph.get_attr(lifted_node)
/home/rtos/workspace/ghpark/pip-packages/lib/python3.10/site-packages/torch/fx/graph.py:1801: UserWarning: Node self___module_config_build_rope_keywords__theta_factors target self___module_config_build_rope_keywords__theta_factors self___module_config_build_rope_keywords__theta_factors of  does not reference an nn.Module, nn.Parameter, or buffer, which is what 'get_attr' Nodes typically target
  warnings.warn(
/home/rtos/workspace/ghpark/pip-packages/lib/python3.10/site-packages/torch/fx/graph.py:1801: UserWarning: Node module_mask_cache target module.mask_cache mask_cache of module does not reference an nn.Module, nn.Parameter, or buffer, which is what 'get_attr' Nodes typically target
  warnings.warn(
/home/rtos/workspace/ghpark/pip-packages/lib/python3.10/site-packages/torch/export/_unlift.py:75: UserWarning: Attempted to insert a get_attr Node with no underlying reference in the owning GraphModule! Call GraphModule.add_submodule to add the necessary submodule, GraphModule.add_parameter to add the necessary Parameter, or nn.Module.register_buffer to add the necessary buffer
  getattr_node = gm.graph.get_attr(lifted_node)
/home/rtos/workspace/ghpark/pip-packages/lib/python3.10/site-packages/torch/fx/graph.py:1801: UserWarning: Node self___module_config_build_rope_keywords__theta_factors target self___module_config_build_rope_keywords__theta_factors self___module_config_build_rope_keywords__theta_factors of  does not reference an nn.Module, nn.Parameter, or buffer, which is what 'get_attr' Nodes typically target
  warnings.warn(
/home/rtos/workspace/ghpark/pip-packages/lib/python3.10/site-packages/torch/fx/graph.py:1801: UserWarning: Node module_mask_cache target module.mask_cache mask_cache of module does not reference an nn.Module, nn.Parameter, or buffer, which is what 'get_attr' Nodes typically target
  warnings.warn(
/home/rtos/workspace/ghpark/pip-packages/lib/python3.10/site-packages/torch/export/_unlift.py:75: UserWarning: Attempted to insert a get_attr Node with no underlying reference in the owning GraphModule! Call GraphModule.add_submodule to add the necessary submodule, GraphModule.add_parameter to add the necessary Parameter, or nn.Module.register_buffer to add the necessary buffer
  getattr_node = gm.graph.get_attr(lifted_node)
/home/rtos/workspace/ghpark/pip-packages/lib/python3.10/site-packages/torch/fx/graph.py:1801: UserWarning: Node self___module_config_build_rope_keywords__theta_factors target self___module_config_build_rope_keywords__theta_factors self___module_config_build_rope_keywords__theta_factors of  does not reference an nn.Module, nn.Parameter, or buffer, which is what 'get_attr' Nodes typically target
  warnings.warn(
/home/rtos/workspace/ghpark/pip-packages/lib/python3.10/site-packages/torch/fx/graph.py:1801: UserWarning: Node module_mask_cache target module.mask_cache mask_cache of module does not reference an nn.Module, nn.Parameter, or buffer, which is what 'get_attr' Nodes typically target
  warnings.warn(
/home/rtos/workspace/ghpark/pip-packages/lib/python3.10/site-packages/torch/export/_unlift.py:75: UserWarning: Attempted to insert a get_attr Node with no underlying reference in the owning GraphModule! Call GraphModule.add_submodule to add the necessary submodule, GraphModule.add_parameter to add the necessary Parameter, or nn.Module.register_buffer to add the necessary buffer
  getattr_node = gm.graph.get_attr(lifted_node)
/home/rtos/workspace/ghpark/pip-packages/lib/python3.10/site-packages/torch/fx/graph.py:1801: UserWarning: Node self___module_config_build_rope_keywords__theta_factors target self___module_config_build_rope_keywords__theta_factors self___module_config_build_rope_keywords__theta_factors of  does not reference an nn.Module, nn.Parameter, or buffer, which is what 'get_attr' Nodes typically target
  warnings.warn(
/home/rtos/workspace/ghpark/pip-packages/lib/python3.10/site-packages/torch/fx/graph.py:1801: UserWarning: Node module_mask_cache target module.mask_cache mask_cache of module does not reference an nn.Module, nn.Parameter, or buffer, which is what 'get_attr' Nodes typically target
  warnings.warn(
/home/rtos/workspace/ghpark/pip-packages/lib/python3.10/site-packages/torch/export/_unlift.py:75: UserWarning: Attempted to insert a get_attr Node with no underlying reference in the owning GraphModule! Call GraphModule.add_submodule to add the necessary submodule, GraphModule.add_parameter to add the necessary Parameter, or nn.Module.register_buffer to add the necessary buffer
  getattr_node = gm.graph.get_attr(lifted_node)
/home/rtos/workspace/ghpark/pip-packages/lib/python3.10/site-packages/torch/fx/graph.py:1801: UserWarning: Node self___module_config_build_rope_keywords__theta_factors target self___module_config_build_rope_keywords__theta_factors self___module_config_build_rope_keywords__theta_factors of  does not reference an nn.Module, nn.Parameter, or buffer, which is what 'get_attr' Nodes typically target
  warnings.warn(
/home/rtos/workspace/ghpark/pip-packages/lib/python3.10/site-packages/torch/fx/graph.py:1801: UserWarning: Node module_mask_cache target module.mask_cache mask_cache of module does not reference an nn.Module, nn.Parameter, or buffer, which is what 'get_attr' Nodes typically target
  warnings.warn(
/home/rtos/workspace/ghpark/pip-packages/lib/python3.10/site-packages/torch/export/_unlift.py:75: UserWarning: Attempted to insert a get_attr Node with no underlying reference in the owning GraphModule! Call GraphModule.add_submodule to add the necessary submodule, GraphModule.add_parameter to add the necessary Parameter, or nn.Module.register_buffer to add the necessary buffer
  getattr_node = gm.graph.get_attr(lifted_node)
/home/rtos/workspace/ghpark/pip-packages/lib/python3.10/site-packages/torch/fx/graph.py:1801: UserWarning: Node self___module_config_build_rope_keywords__theta_factors target self___module_config_build_rope_keywords__theta_factors self___module_config_build_rope_keywords__theta_factors of  does not reference an nn.Module, nn.Parameter, or buffer, which is what 'get_attr' Nodes typically target
  warnings.warn(
/home/rtos/workspace/ghpark/pip-packages/lib/python3.10/site-packages/torch/fx/graph.py:1801: UserWarning: Node module_mask_cache target module.mask_cache mask_cache of module does not reference an nn.Module, nn.Parameter, or buffer, which is what 'get_attr' Nodes typically target
  warnings.warn(
/home/rtos/workspace/ghpark/pip-packages/lib/python3.10/site-packages/torch/export/_unlift.py:75: UserWarning: Attempted to insert a get_attr Node with no underlying reference in the owning GraphModule! Call GraphModule.add_submodule to add the necessary submodule, GraphModule.add_parameter to add the necessary Parameter, or nn.Module.register_buffer to add the necessary buffer
  getattr_node = gm.graph.get_attr(lifted_node)
/home/rtos/workspace/ghpark/pip-packages/lib/python3.10/site-packages/torch/fx/graph.py:1801: UserWarning: Node self___module_config_build_rope_keywords__theta_factors target self___module_config_build_rope_keywords__theta_factors self___module_config_build_rope_keywords__theta_factors of  does not reference an nn.Module, nn.Parameter, or buffer, which is what 'get_attr' Nodes typically target
  warnings.warn(
/home/rtos/workspace/ghpark/pip-packages/lib/python3.10/site-packages/torch/fx/graph.py:1801: UserWarning: Node module_mask_cache target module.mask_cache mask_cache of module does not reference an nn.Module, nn.Parameter, or buffer, which is what 'get_attr' Nodes typically target
  warnings.warn(
/home/rtos/workspace/ghpark/pip-packages/lib/python3.10/site-packages/torch/export/_unlift.py:75: UserWarning: Attempted to insert a get_attr Node with no underlying reference in the owning GraphModule! Call GraphModule.add_submodule to add the necessary submodule, GraphModule.add_parameter to add the necessary Parameter, or nn.Module.register_buffer to add the necessary buffer
  getattr_node = gm.graph.get_attr(lifted_node)
/home/rtos/workspace/ghpark/pip-packages/lib/python3.10/site-packages/torch/fx/graph.py:1801: UserWarning: Node self___module_config_build_rope_keywords__theta_factors target self___module_config_build_rope_keywords__theta_factors self___module_config_build_rope_keywords__theta_factors of  does not reference an nn.Module, nn.Parameter, or buffer, which is what 'get_attr' Nodes typically target
  warnings.warn(
/home/rtos/workspace/ghpark/pip-packages/lib/python3.10/site-packages/torch/fx/graph.py:1801: UserWarning: Node module_mask_cache target module.mask_cache mask_cache of module does not reference an nn.Module, nn.Parameter, or buffer, which is what 'get_attr' Nodes typically target
  warnings.warn(
/home/rtos/workspace/ghpark/pip-packages/lib/python3.10/site-packages/torch/export/_unlift.py:75: UserWarning: Attempted to insert a get_attr Node with no underlying reference in the owning GraphModule! Call GraphModule.add_submodule to add the necessary submodule, GraphModule.add_parameter to add the necessary Parameter, or nn.Module.register_buffer to add the necessary buffer
  getattr_node = gm.graph.get_attr(lifted_node)
/home/rtos/workspace/ghpark/pip-packages/lib/python3.10/site-packages/torch/fx/graph.py:1801: UserWarning: Node self___module_config_build_rope_keywords__theta_factors target self___module_config_build_rope_keywords__theta_factors self___module_config_build_rope_keywords__theta_factors of  does not reference an nn.Module, nn.Parameter, or buffer, which is what 'get_attr' Nodes typically target
  warnings.warn(
/home/rtos/workspace/ghpark/pip-packages/lib/python3.10/site-packages/torch/fx/graph.py:1801: UserWarning: Node module_mask_cache target module.mask_cache mask_cache of module does not reference an nn.Module, nn.Parameter, or buffer, which is what 'get_attr' Nodes typically target
  warnings.warn(
/home/rtos/workspace/ghpark/pip-packages/lib/python3.10/site-packages/torch/export/_unlift.py:75: UserWarning: Attempted to insert a get_attr Node with no underlying reference in the owning GraphModule! Call GraphModule.add_submodule to add the necessary submodule, GraphModule.add_parameter to add the necessary Parameter, or nn.Module.register_buffer to add the necessary buffer
  getattr_node = gm.graph.get_attr(lifted_node)
/home/rtos/workspace/ghpark/pip-packages/lib/python3.10/site-packages/torch/fx/graph.py:1801: UserWarning: Node self___module_config_build_rope_keywords__theta_factors target self___module_config_build_rope_keywords__theta_factors self___module_config_build_rope_keywords__theta_factors of  does not reference an nn.Module, nn.Parameter, or buffer, which is what 'get_attr' Nodes typically target
  warnings.warn(
/home/rtos/workspace/ghpark/pip-packages/lib/python3.10/site-packages/torch/fx/graph.py:1801: UserWarning: Node module_mask_cache target module.mask_cache mask_cache of module does not reference an nn.Module, nn.Parameter, or buffer, which is what 'get_attr' Nodes typically target
  warnings.warn(
/home/rtos/workspace/ghpark/pip-packages/lib/python3.10/site-packages/torch/export/_unlift.py:75: UserWarning: Attempted to insert a get_attr Node with no underlying reference in the owning GraphModule! Call GraphModule.add_submodule to add the necessary submodule, GraphModule.add_parameter to add the necessary Parameter, or nn.Module.register_buffer to add the necessary buffer
  getattr_node = gm.graph.get_attr(lifted_node)
/home/rtos/workspace/ghpark/pip-packages/lib/python3.10/site-packages/torch/fx/graph.py:1801: UserWarning: Node self___module_config_build_rope_keywords__theta_factors target self___module_config_build_rope_keywords__theta_factors self___module_config_build_rope_keywords__theta_factors of  does not reference an nn.Module, nn.Parameter, or buffer, which is what 'get_attr' Nodes typically target
  warnings.warn(
/home/rtos/workspace/ghpark/pip-packages/lib/python3.10/site-packages/torch/fx/graph.py:1801: UserWarning: Node module_mask_cache target module.mask_cache mask_cache of module does not reference an nn.Module, nn.Parameter, or buffer, which is what 'get_attr' Nodes typically target
  warnings.warn(
/home/rtos/workspace/ghpark/pip-packages/lib/python3.10/site-packages/torch/export/_unlift.py:75: UserWarning: Attempted to insert a get_attr Node with no underlying reference in the owning GraphModule! Call GraphModule.add_submodule to add the necessary submodule, GraphModule.add_parameter to add the necessary Parameter, or nn.Module.register_buffer to add the necessary buffer
  getattr_node = gm.graph.get_attr(lifted_node)
/home/rtos/workspace/ghpark/pip-packages/lib/python3.10/site-packages/torch/fx/graph.py:1801: UserWarning: Node self___module_config_build_rope_keywords__theta_factors target self___module_config_build_rope_keywords__theta_factors self___module_config_build_rope_keywords__theta_factors of  does not reference an nn.Module, nn.Parameter, or buffer, which is what 'get_attr' Nodes typically target
  warnings.warn(
/home/rtos/workspace/ghpark/pip-packages/lib/python3.10/site-packages/torch/fx/graph.py:1801: UserWarning: Node module_mask_cache target module.mask_cache mask_cache of module does not reference an nn.Module, nn.Parameter, or buffer, which is what 'get_attr' Nodes typically target
  warnings.warn(
/home/rtos/workspace/ghpark/pip-packages/lib/python3.10/site-packages/torch/export/_unlift.py:75: UserWarning: Attempted to insert a get_attr Node with no underlying reference in the owning GraphModule! Call GraphModule.add_submodule to add the necessary submodule, GraphModule.add_parameter to add the necessary Parameter, or nn.Module.register_buffer to add the necessary buffer
  getattr_node = gm.graph.get_attr(lifted_node)
/home/rtos/workspace/ghpark/pip-packages/lib/python3.10/site-packages/torch/fx/graph.py:1801: UserWarning: Node self___module_config_build_rope_keywords__theta_factors target self___module_config_build_rope_keywords__theta_factors self___module_config_build_rope_keywords__theta_factors of  does not reference an nn.Module, nn.Parameter, or buffer, which is what 'get_attr' Nodes typically target
  warnings.warn(
/home/rtos/workspace/ghpark/pip-packages/lib/python3.10/site-packages/torch/fx/graph.py:1801: UserWarning: Node module_mask_cache target module.mask_cache mask_cache of module does not reference an nn.Module, nn.Parameter, or buffer, which is what 'get_attr' Nodes typically target
  warnings.warn(
/home/rtos/workspace/ghpark/pip-packages/lib/python3.10/site-packages/torch/export/_unlift.py:75: UserWarning: Attempted to insert a get_attr Node with no underlying reference in the owning GraphModule! Call GraphModule.add_submodule to add the necessary submodule, GraphModule.add_parameter to add the necessary Parameter, or nn.Module.register_buffer to add the necessary buffer
  getattr_node = gm.graph.get_attr(lifted_node)
/home/rtos/workspace/ghpark/pip-packages/lib/python3.10/site-packages/torch/fx/graph.py:1801: UserWarning: Node self___module_config_build_rope_keywords__theta_factors target self___module_config_build_rope_keywords__theta_factors self___module_config_build_rope_keywords__theta_factors of  does not reference an nn.Module, nn.Parameter, or buffer, which is what 'get_attr' Nodes typically target
  warnings.warn(
/home/rtos/workspace/ghpark/pip-packages/lib/python3.10/site-packages/torch/fx/graph.py:1801: UserWarning: Node module_mask_cache target module.mask_cache mask_cache of module does not reference an nn.Module, nn.Parameter, or buffer, which is what 'get_attr' Nodes typically target
  warnings.warn(
/home/rtos/workspace/ghpark/pip-packages/lib/python3.10/site-packages/torch/export/_unlift.py:75: UserWarning: Attempted to insert a get_attr Node with no underlying reference in the owning GraphModule! Call GraphModule.add_submodule to add the necessary submodule, GraphModule.add_parameter to add the necessary Parameter, or nn.Module.register_buffer to add the necessary buffer
  getattr_node = gm.graph.get_attr(lifted_node)
/home/rtos/workspace/ghpark/pip-packages/lib/python3.10/site-packages/torch/fx/graph.py:1801: UserWarning: Node self___module_config_build_rope_keywords__theta_factors target self___module_config_build_rope_keywords__theta_factors self___module_config_build_rope_keywords__theta_factors of  does not reference an nn.Module, nn.Parameter, or buffer, which is what 'get_attr' Nodes typically target
  warnings.warn(
/home/rtos/workspace/ghpark/pip-packages/lib/python3.10/site-packages/torch/fx/graph.py:1801: UserWarning: Node module_mask_cache target module.mask_cache mask_cache of module does not reference an nn.Module, nn.Parameter, or buffer, which is what 'get_attr' Nodes typically target
  warnings.warn(
/home/rtos/workspace/ghpark/pip-packages/lib/python3.10/site-packages/torch/export/_unlift.py:75: UserWarning: Attempted to insert a get_attr Node with no underlying reference in the owning GraphModule! Call GraphModule.add_submodule to add the necessary submodule, GraphModule.add_parameter to add the necessary Parameter, or nn.Module.register_buffer to add the necessary buffer
  getattr_node = gm.graph.get_attr(lifted_node)
/home/rtos/workspace/ghpark/pip-packages/lib/python3.10/site-packages/torch/fx/graph.py:1801: UserWarning: Node self___module_config_build_rope_keywords__theta_factors target self___module_config_build_rope_keywords__theta_factors self___module_config_build_rope_keywords__theta_factors of  does not reference an nn.Module, nn.Parameter, or buffer, which is what 'get_attr' Nodes typically target
  warnings.warn(
/home/rtos/workspace/ghpark/pip-packages/lib/python3.10/site-packages/torch/fx/graph.py:1801: UserWarning: Node module_mask_cache target module.mask_cache mask_cache of module does not reference an nn.Module, nn.Parameter, or buffer, which is what 'get_attr' Nodes typically target
  warnings.warn(
/home/rtos/workspace/ghpark/pip-packages/lib/python3.10/site-packages/torch/export/_unlift.py:75: UserWarning: Attempted to insert a get_attr Node with no underlying reference in the owning GraphModule! Call GraphModule.add_submodule to add the necessary submodule, GraphModule.add_parameter to add the necessary Parameter, or nn.Module.register_buffer to add the necessary buffer
  getattr_node = gm.graph.get_attr(lifted_node)
/home/rtos/workspace/ghpark/pip-packages/lib/python3.10/site-packages/torch/fx/graph.py:1801: UserWarning: Node self___module_config_build_rope_keywords__theta_factors target self___module_config_build_rope_keywords__theta_factors self___module_config_build_rope_keywords__theta_factors of  does not reference an nn.Module, nn.Parameter, or buffer, which is what 'get_attr' Nodes typically target
  warnings.warn(
/home/rtos/workspace/ghpark/pip-packages/lib/python3.10/site-packages/torch/fx/graph.py:1801: UserWarning: Node module_mask_cache target module.mask_cache mask_cache of module does not reference an nn.Module, nn.Parameter, or buffer, which is what 'get_attr' Nodes typically target
  warnings.warn(
/home/rtos/workspace/ghpark/pip-packages/lib/python3.10/site-packages/torch/export/_unlift.py:75: UserWarning: Attempted to insert a get_attr Node with no underlying reference in the owning GraphModule! Call GraphModule.add_submodule to add the necessary submodule, GraphModule.add_parameter to add the necessary Parameter, or nn.Module.register_buffer to add the necessary buffer
  getattr_node = gm.graph.get_attr(lifted_node)
/home/rtos/workspace/ghpark/pip-packages/lib/python3.10/site-packages/torch/fx/graph.py:1801: UserWarning: Node self___module_config_build_rope_keywords__theta_factors target self___module_config_build_rope_keywords__theta_factors self___module_config_build_rope_keywords__theta_factors of  does not reference an nn.Module, nn.Parameter, or buffer, which is what 'get_attr' Nodes typically target
  warnings.warn(
/home/rtos/workspace/ghpark/pip-packages/lib/python3.10/site-packages/torch/fx/graph.py:1801: UserWarning: Node module_mask_cache target module.mask_cache mask_cache of module does not reference an nn.Module, nn.Parameter, or buffer, which is what 'get_attr' Nodes typically target
  warnings.warn(
/home/rtos/workspace/ghpark/pip-packages/lib/python3.10/site-packages/torch/export/_unlift.py:75: UserWarning: Attempted to insert a get_attr Node with no underlying reference in the owning GraphModule! Call GraphModule.add_submodule to add the necessary submodule, GraphModule.add_parameter to add the necessary Parameter, or nn.Module.register_buffer to add the necessary buffer
  getattr_node = gm.graph.get_attr(lifted_node)
/home/rtos/workspace/ghpark/pip-packages/lib/python3.10/site-packages/torch/fx/graph.py:1801: UserWarning: Node self___module_config_build_rope_keywords__theta_factors target self___module_config_build_rope_keywords__theta_factors self___module_config_build_rope_keywords__theta_factors of  does not reference an nn.Module, nn.Parameter, or buffer, which is what 'get_attr' Nodes typically target
  warnings.warn(
/home/rtos/workspace/ghpark/pip-packages/lib/python3.10/site-packages/torch/fx/graph.py:1801: UserWarning: Node module_mask_cache target module.mask_cache mask_cache of module does not reference an nn.Module, nn.Parameter, or buffer, which is what 'get_attr' Nodes typically target
  warnings.warn(
/home/rtos/workspace/ghpark/pip-packages/lib/python3.10/site-packages/torch/export/_unlift.py:75: UserWarning: Attempted to insert a get_attr Node with no underlying reference in the owning GraphModule! Call GraphModule.add_submodule to add the necessary submodule, GraphModule.add_parameter to add the necessary Parameter, or nn.Module.register_buffer to add the necessary buffer
  getattr_node = gm.graph.get_attr(lifted_node)
/home/rtos/workspace/ghpark/pip-packages/lib/python3.10/site-packages/torch/fx/graph.py:1801: UserWarning: Node self___module_config_build_rope_keywords__theta_factors target self___module_config_build_rope_keywords__theta_factors self___module_config_build_rope_keywords__theta_factors of  does not reference an nn.Module, nn.Parameter, or buffer, which is what 'get_attr' Nodes typically target
  warnings.warn(
/home/rtos/workspace/ghpark/pip-packages/lib/python3.10/site-packages/torch/fx/graph.py:1801: UserWarning: Node module_mask_cache target module.mask_cache mask_cache of module does not reference an nn.Module, nn.Parameter, or buffer, which is what 'get_attr' Nodes typically target
  warnings.warn(
I0206 03:20:10.449012 128851773135744 _jax_lowerings.py:32] Use JAX lowering: aten._to_copy
I0206 03:20:10.484106 128851773135744 _jax_lowerings.py:32] Use JAX lowering: aten.view
I0206 03:20:10.497355 128851773135744 _jax_lowerings.py:32] Use JAX lowering: aten.embedding
I0206 03:20:10.540803 128851773135744 _jax_lowerings.py:32] Use JAX lowering: aten.arange.start_step
I0206 03:20:10.559504 128851773135744 _jax_lowerings.py:32] Use JAX lowering: aten.div
I0206 03:20:10.566995 128851773135744 _jax_lowerings.py:32] Use JAX lowering: aten.pow
I0206 03:20:10.575181 128851773135744 _jax_lowerings.py:32] Use JAX lowering: aten.reciprocal
I0206 03:20:10.583425 128851773135744 _jax_lowerings.py:32] Use JAX lowering: aten.mul.Tensor
I0206 03:20:10.618108 128851773135744 _jax_lowerings.py:32] Use JAX lowering: aten.cos
I0206 03:20:10.631511 128851773135744 _jax_lowerings.py:32] Use JAX lowering: aten.sin
I0206 03:20:10.643966 128851773135744 _jax_lowerings.py:32] Use JAX lowering: aten.index_select
I0206 03:20:10.658123 128851773135744 _jax_lowerings.py:32] Use JAX lowering: aten.slice
I0206 03:20:10.686542 128851773135744 _jax_lowerings.py:32] Use JAX lowering: aten.mean
I0206 03:20:10.697939 128851773135744 _jax_lowerings.py:32] Use JAX lowering: aten.add.Tensor
I0206 03:20:10.706215 128851773135744 _jax_lowerings.py:32] Use JAX lowering: aten.rsqrt
I0206 03:20:10.731248 128851773135744 _jax_lowerings.py:32] Use JAX lowering: aten.permute
I0206 03:20:10.743497 128851773135744 _jax_lowerings.py:32] Use JAX lowering: aten.mm
I0206 03:20:10.767473 128851773135744 _jax_lowerings.py:32] Use JAX lowering: aten.split_with_sizes
I0206 03:20:10.774693 128851773135744 _jax_lowerings.py:32] Use JAX lowering: aten.clone.default
I0206 03:20:10.831112 128851773135744 _jax_lowerings.py:32] Use JAX lowering: aten.sub.Tensor
I0206 03:20:10.934434 128851773135744 _jax_lowerings.py:32] Use JAX lowering: aten.full
I0206 03:20:10.951372 128851773135744 _jax_lowerings.py:32] Use JAX lowering: aten.select
I0206 03:20:11.011888 128851773135744 _jax_lowerings.py:32] Use JAX lowering: aten.unsqueeze.default
I0206 03:20:11.018100 128851773135744 _jax_lowerings.py:32] Use JAX lowering: aten.expand
I0206 03:20:11.056120 128851773135744 _jax_lowerings.py:32] Use JAX lowering: aten.mul.Scalar
I0206 03:20:11.103455 128851773135744 _jax_lowerings.py:32] Use JAX lowering: aten.bmm
I0206 03:20:11.125955 128851773135744 _jax_lowerings.py:32] Use JAX lowering: aten._softmax
I0206 03:20:11.340766 128851773135744 _jax_lowerings.py:32] Use JAX lowering: aten.sigmoid
/home/rtos/workspace/ghpark/pip-packages/lib/python3.10/site-packages/torch/export/_unlift.py:75: UserWarning: Attempted to insert a get_attr Node with no underlying reference in the owning GraphModule! Call GraphModule.add_submodule to add the necessary submodule, GraphModule.add_parameter to add the necessary Parameter, or nn.Module.register_buffer to add the necessary buffer
  getattr_node = gm.graph.get_attr(lifted_node)
/home/rtos/workspace/ghpark/pip-packages/lib/python3.10/site-packages/torch/fx/graph.py:1801: UserWarning: Node self___module_config_build_rope_keywords__theta_factors target self___module_config_build_rope_keywords__theta_factors self___module_config_build_rope_keywords__theta_factors of  does not reference an nn.Module, nn.Parameter, or buffer, which is what 'get_attr' Nodes typically target
  warnings.warn(
/home/rtos/workspace/ghpark/pip-packages/lib/python3.10/site-packages/torch/fx/graph.py:1801: UserWarning: Node module_mask_cache target module.mask_cache mask_cache of module does not reference an nn.Module, nn.Parameter, or buffer, which is what 'get_attr' Nodes typically target
  warnings.warn(
/home/rtos/workspace/ghpark/pip-packages/lib/python3.10/site-packages/torch/export/_unlift.py:75: UserWarning: Attempted to insert a get_attr Node with no underlying reference in the owning GraphModule! Call GraphModule.add_submodule to add the necessary submodule, GraphModule.add_parameter to add the necessary Parameter, or nn.Module.register_buffer to add the necessary buffer
  getattr_node = gm.graph.get_attr(lifted_node)
/home/rtos/workspace/ghpark/pip-packages/lib/python3.10/site-packages/torch/fx/graph.py:1801: UserWarning: Node self___module_config_build_rope_keywords__theta_factors target self___module_config_build_rope_keywords__theta_factors self___module_config_build_rope_keywords__theta_factors of  does not reference an nn.Module, nn.Parameter, or buffer, which is what 'get_attr' Nodes typically target
  warnings.warn(
/home/rtos/workspace/ghpark/pip-packages/lib/python3.10/site-packages/torch/fx/graph.py:1801: UserWarning: Node module_mask_cache target module.mask_cache mask_cache of module does not reference an nn.Module, nn.Parameter, or buffer, which is what 'get_attr' Nodes typically target
  warnings.warn(
/home/rtos/workspace/ghpark/pip-packages/lib/python3.10/site-packages/torch/export/_unlift.py:75: UserWarning: Attempted to insert a get_attr Node with no underlying reference in the owning GraphModule! Call GraphModule.add_submodule to add the necessary submodule, GraphModule.add_parameter to add the necessary Parameter, or nn.Module.register_buffer to add the necessary buffer
  getattr_node = gm.graph.get_attr(lifted_node)
/home/rtos/workspace/ghpark/pip-packages/lib/python3.10/site-packages/torch/fx/graph.py:1801: UserWarning: Node self___module_config_build_rope_keywords__theta_factors target self___module_config_build_rope_keywords__theta_factors self___module_config_build_rope_keywords__theta_factors of  does not reference an nn.Module, nn.Parameter, or buffer, which is what 'get_attr' Nodes typically target
  warnings.warn(
/home/rtos/workspace/ghpark/pip-packages/lib/python3.10/site-packages/torch/fx/graph.py:1801: UserWarning: Node module_mask_cache target module.mask_cache mask_cache of module does not reference an nn.Module, nn.Parameter, or buffer, which is what 'get_attr' Nodes typically target
  warnings.warn(
/home/rtos/workspace/ghpark/pip-packages/lib/python3.10/site-packages/torch/export/_unlift.py:75: UserWarning: Attempted to insert a get_attr Node with no underlying reference in the owning GraphModule! Call GraphModule.add_submodule to add the necessary submodule, GraphModule.add_parameter to add the necessary Parameter, or nn.Module.register_buffer to add the necessary buffer
  getattr_node = gm.graph.get_attr(lifted_node)
/home/rtos/workspace/ghpark/pip-packages/lib/python3.10/site-packages/torch/fx/graph.py:1801: UserWarning: Node self___module_config_build_rope_keywords__theta_factors target self___module_config_build_rope_keywords__theta_factors self___module_config_build_rope_keywords__theta_factors of  does not reference an nn.Module, nn.Parameter, or buffer, which is what 'get_attr' Nodes typically target
  warnings.warn(
/home/rtos/workspace/ghpark/pip-packages/lib/python3.10/site-packages/torch/fx/graph.py:1801: UserWarning: Node module_mask_cache target module.mask_cache mask_cache of module does not reference an nn.Module, nn.Parameter, or buffer, which is what 'get_attr' Nodes typically target
  warnings.warn(
/home/rtos/workspace/ghpark/pip-packages/lib/python3.10/site-packages/torch/export/_unlift.py:75: UserWarning: Attempted to insert a get_attr Node with no underlying reference in the owning GraphModule! Call GraphModule.add_submodule to add the necessary submodule, GraphModule.add_parameter to add the necessary Parameter, or nn.Module.register_buffer to add the necessary buffer
  getattr_node = gm.graph.get_attr(lifted_node)
/home/rtos/workspace/ghpark/pip-packages/lib/python3.10/site-packages/torch/fx/graph.py:1801: UserWarning: Node self___module_config_build_rope_keywords__theta_factors target self___module_config_build_rope_keywords__theta_factors self___module_config_build_rope_keywords__theta_factors of  does not reference an nn.Module, nn.Parameter, or buffer, which is what 'get_attr' Nodes typically target
  warnings.warn(
/home/rtos/workspace/ghpark/pip-packages/lib/python3.10/site-packages/torch/fx/graph.py:1801: UserWarning: Node module_mask_cache target module.mask_cache mask_cache of module does not reference an nn.Module, nn.Parameter, or buffer, which is what 'get_attr' Nodes typically target
  warnings.warn(
/home/rtos/workspace/ghpark/pip-packages/lib/python3.10/site-packages/torch/export/_unlift.py:75: UserWarning: Attempted to insert a get_attr Node with no underlying reference in the owning GraphModule! Call GraphModule.add_submodule to add the necessary submodule, GraphModule.add_parameter to add the necessary Parameter, or nn.Module.register_buffer to add the necessary buffer
  getattr_node = gm.graph.get_attr(lifted_node)
/home/rtos/workspace/ghpark/pip-packages/lib/python3.10/site-packages/torch/fx/graph.py:1801: UserWarning: Node self___module_config_build_rope_keywords__theta_factors target self___module_config_build_rope_keywords__theta_factors self___module_config_build_rope_keywords__theta_factors of  does not reference an nn.Module, nn.Parameter, or buffer, which is what 'get_attr' Nodes typically target
  warnings.warn(
/home/rtos/workspace/ghpark/pip-packages/lib/python3.10/site-packages/torch/fx/graph.py:1801: UserWarning: Node module_mask_cache target module.mask_cache mask_cache of module does not reference an nn.Module, nn.Parameter, or buffer, which is what 'get_attr' Nodes typically target
  warnings.warn(
/home/rtos/workspace/ghpark/pip-packages/lib/python3.10/site-packages/torch/export/_unlift.py:75: UserWarning: Attempted to insert a get_attr Node with no underlying reference in the owning GraphModule! Call GraphModule.add_submodule to add the necessary submodule, GraphModule.add_parameter to add the necessary Parameter, or nn.Module.register_buffer to add the necessary buffer
  getattr_node = gm.graph.get_attr(lifted_node)
/home/rtos/workspace/ghpark/pip-packages/lib/python3.10/site-packages/torch/fx/graph.py:1801: UserWarning: Node self___module_config_build_rope_keywords__theta_factors target self___module_config_build_rope_keywords__theta_factors self___module_config_build_rope_keywords__theta_factors of  does not reference an nn.Module, nn.Parameter, or buffer, which is what 'get_attr' Nodes typically target
  warnings.warn(
/home/rtos/workspace/ghpark/pip-packages/lib/python3.10/site-packages/torch/fx/graph.py:1801: UserWarning: Node module_mask_cache target module.mask_cache mask_cache of module does not reference an nn.Module, nn.Parameter, or buffer, which is what 'get_attr' Nodes typically target
  warnings.warn(
/home/rtos/workspace/ghpark/pip-packages/lib/python3.10/site-packages/torch/export/_unlift.py:75: UserWarning: Attempted to insert a get_attr Node with no underlying reference in the owning GraphModule! Call GraphModule.add_submodule to add the necessary submodule, GraphModule.add_parameter to add the necessary Parameter, or nn.Module.register_buffer to add the necessary buffer
  getattr_node = gm.graph.get_attr(lifted_node)
/home/rtos/workspace/ghpark/pip-packages/lib/python3.10/site-packages/torch/fx/graph.py:1801: UserWarning: Node self___module_config_build_rope_keywords__theta_factors target self___module_config_build_rope_keywords__theta_factors self___module_config_build_rope_keywords__theta_factors of  does not reference an nn.Module, nn.Parameter, or buffer, which is what 'get_attr' Nodes typically target
  warnings.warn(
/home/rtos/workspace/ghpark/pip-packages/lib/python3.10/site-packages/torch/fx/graph.py:1801: UserWarning: Node module_mask_cache target module.mask_cache mask_cache of module does not reference an nn.Module, nn.Parameter, or buffer, which is what 'get_attr' Nodes typically target
  warnings.warn(
/home/rtos/workspace/ghpark/pip-packages/lib/python3.10/site-packages/torch/export/_unlift.py:75: UserWarning: Attempted to insert a get_attr Node with no underlying reference in the owning GraphModule! Call GraphModule.add_submodule to add the necessary submodule, GraphModule.add_parameter to add the necessary Parameter, or nn.Module.register_buffer to add the necessary buffer
  getattr_node = gm.graph.get_attr(lifted_node)
/home/rtos/workspace/ghpark/pip-packages/lib/python3.10/site-packages/torch/fx/graph.py:1801: UserWarning: Node self___module_config_build_rope_keywords__theta_factors target self___module_config_build_rope_keywords__theta_factors self___module_config_build_rope_keywords__theta_factors of  does not reference an nn.Module, nn.Parameter, or buffer, which is what 'get_attr' Nodes typically target
  warnings.warn(
/home/rtos/workspace/ghpark/pip-packages/lib/python3.10/site-packages/torch/fx/graph.py:1801: UserWarning: Node module_mask_cache target module.mask_cache mask_cache of module does not reference an nn.Module, nn.Parameter, or buffer, which is what 'get_attr' Nodes typically target
  warnings.warn(
/home/rtos/workspace/ghpark/pip-packages/lib/python3.10/site-packages/torch/export/_unlift.py:75: UserWarning: Attempted to insert a get_attr Node with no underlying reference in the owning GraphModule! Call GraphModule.add_submodule to add the necessary submodule, GraphModule.add_parameter to add the necessary Parameter, or nn.Module.register_buffer to add the necessary buffer
  getattr_node = gm.graph.get_attr(lifted_node)
/home/rtos/workspace/ghpark/pip-packages/lib/python3.10/site-packages/torch/fx/graph.py:1801: UserWarning: Node self___module_config_build_rope_keywords__theta_factors target self___module_config_build_rope_keywords__theta_factors self___module_config_build_rope_keywords__theta_factors of  does not reference an nn.Module, nn.Parameter, or buffer, which is what 'get_attr' Nodes typically target
  warnings.warn(
/home/rtos/workspace/ghpark/pip-packages/lib/python3.10/site-packages/torch/fx/graph.py:1801: UserWarning: Node module_mask_cache target module.mask_cache mask_cache of module does not reference an nn.Module, nn.Parameter, or buffer, which is what 'get_attr' Nodes typically target
  warnings.warn(
I0206 03:26:19.830551 128851773135744 signature_serialization.py:156] Function `inner` contains input name(s) resource with unsupported characters which will be renamed to xlacallmodule_readvariableop_194_resource in the SavedModel.
I0206 03:26:19.970526 128851773135744 signature_serialization.py:156] Function `inner` contains input name(s) resource with unsupported characters which will be renamed to xlacallmodule_readvariableop_194_resource in the SavedModel.
I0206 03:26:20.086338 128851773135744 signature_serialization.py:156] Function `inner` contains input name(s) resource with unsupported characters which will be renamed to xlacallmodule_readvariableop_194_resource in the SavedModel.
I0206 03:26:20.204306 128851773135744 signature_serialization.py:156] Function `inner` contains input name(s) resource with unsupported characters which will be renamed to xlacallmodule_readvariableop_194_resource in the SavedModel.
I0206 03:26:20.320352 128851773135744 signature_serialization.py:156] Function `inner` contains input name(s) resource with unsupported characters which will be renamed to xlacallmodule_readvariableop_194_resource in the SavedModel.
I0206 03:26:35.958249 128851773135744 functional_saver.py:440] Sharding callback duration: 168 microseconds
I0206 03:26:42.493326 128851773135744 functional_saver.py:440] Sharding callback duration: 265 microseconds
INFO:tensorflow:Assets written to: /tmp/tmpwenki3ff/assets
I0206 03:38:18.757087 128851773135744 builder_impl.py:836] Assets written to: /tmp/tmpwenki3ff/assets
I0206 03:38:20.585969 128851773135744 fingerprinting_utils.py:49] Writing fingerprint to /tmp/tmpwenki3ff/fingerprint.pb
2025-02-06 03:38:27.267716: W external/local_xla/xla/tsl/framework/cpu_allocator_impl.cc:83] Allocation of 100663296 exceeds 10% of free system memory.
2025-02-06 03:38:27.267764: W external/local_xla/xla/tsl/framework/cpu_allocator_impl.cc:83] Allocation of 201326592 exceeds 10% of free system memory.
2025-02-06 03:38:27.267796: W external/local_xla/xla/tsl/framework/cpu_allocator_impl.cc:83] Allocation of 113246208 exceeds 10% of free system memory.
2025-02-06 03:38:27.267837: W external/local_xla/xla/tsl/framework/cpu_allocator_impl.cc:83] Allocation of 100663296 exceeds 10% of free system memory.
2025-02-06 03:38:27.267880: W external/local_xla/xla/tsl/framework/cpu_allocator_impl.cc:83] Allocation of 113246208 exceeds 10% of free system memory.
WARNING: All log messages before absl::InitializeLog() is called are written to STDERR
W0000 00:00:1738781152.810579 4161200 tf_tfl_flatbuffer_helpers.cc:365] Ignored output_format.
W0000 00:00:1738781152.813285 4161200 tf_tfl_flatbuffer_helpers.cc:368] Ignored drop_control_dependency.
2025-02-06 03:45:52.837014: I tensorflow/cc/saved_model/reader.cc:83] Reading SavedModel from: /tmp/tmpwenki3ff
2025-02-06 03:45:52.880994: I tensorflow/cc/saved_model/reader.cc:52] Reading meta graph with tags { serve }
2025-02-06 03:45:52.881033: I tensorflow/cc/saved_model/reader.cc:147] Reading SavedModel debug info (if present) from: /tmp/tmpwenki3ff
I0000 00:00:1738781153.104662 4161200 mlir_graph_optimization_pass.cc:425] MLIR V1 optimization pass is not enabled
2025-02-06 03:45:53.139456: I tensorflow/cc/saved_model/loader.cc:236] Restoring SavedModel bundle.
2025-02-06 03:46:21.383600: I tensorflow/cc/saved_model/loader.cc:220] Running initialization op on SavedModel bundle at path: /tmp/tmpwenki3ff
2025-02-06 03:46:21.645825: I tensorflow/cc/saved_model/loader.cc:471] SavedModel load for tags { serve }; Status: success: OK. Took 28809208 microseconds.
2025-02-06 03:46:22.083890: I tensorflow/compiler/mlir/tensorflow/utils/dump_mlir_util.cc:269] disabling MLIR crash reproducer, set env var `MLIR_CRASH_REPRODUCER_DIRECTORY` to enable.
2025-02-06 05:02:28.366173: I tensorflow/compiler/mlir/lite/flatbuffer_export.cc:4061] Estimated count of arithmetic ops: 6941.056 G  ops, equivalently 3470.528 G  MACs
[INFO] /home/rtos/workspace/ghpark/export/phi-3.5-mini-it-q8 exported
