========================================
Directory '/home/rtos/workspace/ghpark/export/gemma-2-2b-it-fp32' already exists. Skipping creation.
2025-02-23 20:36:35.835757: E external/local_xla/xla/stream_executor/cuda/cuda_fft.cc:467] Unable to register cuFFT factory: Attempting to register factory for plugin cuFFT when one has already been registered
WARNING: All log messages before absl::InitializeLog() is called are written to STDERR
E0000 00:00:1740310595.851664   58668 cuda_dnn.cc:8593] Unable to register cuDNN factory: Attempting to register factory for plugin cuDNN when one has already been registered
E0000 00:00:1740310595.856951   58668 cuda_blas.cc:1407] Unable to register cuBLAS factory: Attempting to register factory for plugin cuBLAS when one has already been registered
2025-02-23 20:36:35.873125: I tensorflow/core/platform/cpu_feature_guard.cc:210] This TensorFlow binary is optimized to use available CPU instructions in performance-critical operations.
To enable the following instructions: AVX2 FMA, in other operations, rebuild TensorFlow with the appropriate compiler flags.
/home/rtos/workspace/ghpark/pip-packages/lib/python3.10/site-packages/torch/distributed/distributed_c10d.py:354: UserWarning: Device capability of jax unspecified, assuming `cpu` and `cuda`. Please specify it via the `devices` argument of `register_backend`.
  warnings.warn(
WARNING:2025-02-23 20:36:40,058:jax._src.xla_bridge:987: An NVIDIA GPU may be present on this machine, but a CUDA-enabled jaxlib is not installed. Falling back to cpu.
2025-02-23 20:36:41.216965: E external/local_xla/xla/stream_executor/cuda/cuda_platform.cc:51] failed call to cuInit: INTERNAL: CUDA error: Failed call to cuInit: CUDA_ERROR_NO_DEVICE: no CUDA-capable device is detected
2025-02-23 20:36:41.216989: I external/local_xla/xla/stream_executor/cuda/cuda_diagnostics.cc:167] env: CUDA_VISIBLE_DEVICES="-1"
2025-02-23 20:36:41.216999: I external/local_xla/xla/stream_executor/cuda/cuda_diagnostics.cc:170] CUDA_VISIBLE_DEVICES is set to -1 - this hides all GPUs from CUDA
2025-02-23 20:36:41.217005: I external/local_xla/xla/stream_executor/cuda/cuda_diagnostics.cc:178] verbose logging is disabled. Rerun with verbose logging (usually --v=1 or --vmodule=cuda_diagnostics=1) to get more diagnostic output from this module
2025-02-23 20:36:41.217010: I external/local_xla/xla/stream_executor/cuda/cuda_diagnostics.cc:183] retrieving CUDA diagnostic information for host: rtos-lab
2025-02-23 20:36:41.217014: I external/local_xla/xla/stream_executor/cuda/cuda_diagnostics.cc:190] hostname: rtos-lab
2025-02-23 20:36:41.217107: I external/local_xla/xla/stream_executor/cuda/cuda_diagnostics.cc:197] libcuda reported version is: 550.120.0
2025-02-23 20:36:41.217142: I external/local_xla/xla/stream_executor/cuda/cuda_diagnostics.cc:201] kernel reported version is: 550.120.0
2025-02-23 20:36:41.217148: I external/local_xla/xla/stream_executor/cuda/cuda_diagnostics.cc:291] kernel version seems to match DSO: 550.120.0
I0223 20:36:41.217253 128798937029504 convert_gemma2_to_tflite.py:66] Active absl flags:
I0223 20:36:41.217453 128798937029504 convert_gemma2_to_tflite.py:68] logtostderr: False
I0223 20:36:41.217527 128798937029504 convert_gemma2_to_tflite.py:68] alsologtostderr: False
I0223 20:36:41.217614 128798937029504 convert_gemma2_to_tflite.py:68] log_dir: 
I0223 20:36:41.217704 128798937029504 convert_gemma2_to_tflite.py:68] v: 0
I0223 20:36:41.217761 128798937029504 convert_gemma2_to_tflite.py:68] verbosity: 0
I0223 20:36:41.217837 128798937029504 convert_gemma2_to_tflite.py:68] logger_levels: {}
I0223 20:36:41.217901 128798937029504 convert_gemma2_to_tflite.py:68] stderrthreshold: fatal
I0223 20:36:41.217964 128798937029504 convert_gemma2_to_tflite.py:68] showprefixforinfo: True
I0223 20:36:41.218037 128798937029504 convert_gemma2_to_tflite.py:68] run_with_pdb: False
I0223 20:36:41.218091 128798937029504 convert_gemma2_to_tflite.py:68] pdb_post_mortem: False
I0223 20:36:41.218163 128798937029504 convert_gemma2_to_tflite.py:68] pdb: False
I0223 20:36:41.218236 128798937029504 convert_gemma2_to_tflite.py:68] run_with_profiling: False
I0223 20:36:41.218311 128798937029504 convert_gemma2_to_tflite.py:68] profile_file: None
I0223 20:36:41.218368 128798937029504 convert_gemma2_to_tflite.py:68] use_cprofile_for_profiling: True
I0223 20:36:41.218421 128798937029504 convert_gemma2_to_tflite.py:68] only_check_args: False
I0223 20:36:41.218473 128798937029504 convert_gemma2_to_tflite.py:68] op_conversion_fallback_to_while_loop: True
I0223 20:36:41.218530 128798937029504 convert_gemma2_to_tflite.py:68] delta_threshold: 0.5
I0223 20:36:41.218593 128798937029504 convert_gemma2_to_tflite.py:68] tt_check_filter: False
I0223 20:36:41.218649 128798937029504 convert_gemma2_to_tflite.py:68] tt_single_core_summaries: False
I0223 20:36:41.218702 128798937029504 convert_gemma2_to_tflite.py:68] runtime_oom_exit: True
I0223 20:36:41.218755 128798937029504 convert_gemma2_to_tflite.py:68] hbm_oom_exit: True
I0223 20:36:41.218807 128798937029504 convert_gemma2_to_tflite.py:68] test_srcdir: 
I0223 20:36:41.218860 128798937029504 convert_gemma2_to_tflite.py:68] test_tmpdir: /tmp/absl_testing
I0223 20:36:41.218911 128798937029504 convert_gemma2_to_tflite.py:68] test_random_seed: 301
I0223 20:36:41.218962 128798937029504 convert_gemma2_to_tflite.py:68] test_randomize_ordering_seed: 
I0223 20:36:41.219014 128798937029504 convert_gemma2_to_tflite.py:68] xml_output_file: 
I0223 20:36:41.219065 128798937029504 convert_gemma2_to_tflite.py:68] checkpoint_path: /home/rtos/workspace/ghpark/models/gemma-2-2b-it
I0223 20:36:41.219117 128798937029504 convert_gemma2_to_tflite.py:68] output_path: /home/rtos/workspace/ghpark/export/gemma-2-2b-it-fp32
I0223 20:36:41.219170 128798937029504 convert_gemma2_to_tflite.py:68] output_name_prefix: gemma2
I0223 20:36:41.219225 128798937029504 convert_gemma2_to_tflite.py:68] prefill_seq_lens: [8, 64, 128, 256, 512]
I0223 20:36:41.219277 128798937029504 convert_gemma2_to_tflite.py:68] kv_cache_max_len: 1024
I0223 20:36:41.219330 128798937029504 convert_gemma2_to_tflite.py:68] quantize: False
I0223 20:36:41.219382 128798937029504 convert_gemma2_to_tflite.py:68] lora_ranks: None
I0223 20:36:41.219434 128798937029504 convert_gemma2_to_tflite.py:68] ?: False
I0223 20:36:41.219486 128798937029504 convert_gemma2_to_tflite.py:68] help: False
I0223 20:36:41.219538 128798937029504 convert_gemma2_to_tflite.py:68] helpshort: False
I0223 20:36:41.219599 128798937029504 convert_gemma2_to_tflite.py:68] helpfull: False
I0223 20:36:41.219653 128798937029504 convert_gemma2_to_tflite.py:68] helpxml: False
